*** Using Compiler 'V5.06 update 1 (build 61)', folder: 'D:\software\keil\ARM\ARMCC\Bin'
Build target 'FOC1'
assembling startup_stm32f103x6.s...
compiling stm32f1xx_hal_gpio_ex.c...
compiling tim.c...
compiling main.c...
compiling stm32f1xx_hal.c...
compiling usart.c...
compiling stm32f1xx_it.c...
compiling gpio.c...
compiling stm32f1xx_hal_msp.c...
compiling stm32f1xx_hal_tim_ex.c...
compiling stm32f1xx_hal_tim.c...
compiling stm32f1xx_hal_rcc.c...
compiling stm32f1xx_hal_gpio.c...
compiling stm32f1xx_hal_dma.c...
compiling stm32f1xx_hal_cortex.c...
compiling stm32f1xx_hal_rcc_ex.c...
compiling stm32f1xx_hal_flash.c...
compiling stm32f1xx_hal_pwr.c...
compiling system_stm32f1xx.c...
compiling stm32f1xx_hal_exti.c...
compiling stm32f1xx_hal_flash_ex.c...
compiling stm32f1xx_hal_uart.c...
linking...
Program Size: Code=12862 RO-data=602 RW-data=68 ZI-data=1780  
FromELF: creating hex file...
"FOC1\FOC1.axf" - 0 Error(s), 0 Warning(s).
Build Time Elapsed:  00:00:05
